{
  "RSpec": {
    "coverage": {
      "/home/djmgguedes/PROC7/Proconsulta/spec/controllers/sessions_controller_spec.rb": [
        1,
        1,
        1,
        null,
        1,
        null,
        null,
        null,
        null,
        null
      ],
      "/home/djmgguedes/PROC7/Proconsulta/spec/rails_helper.rb": [
        null,
        1,
        1,
        1,
        1,
        null,
        null,
        null,
        null,
        null,
        null,
        null,
        null,
        1,
        null,
        1,
        null,
        1,
        null,
        null,
        null,
        null,
        1,
        null,
        null,
        null,
        null,
        null,
        null,
        null,
        null,
        null,
        null,
        null,
        null,
        null,
        null,
        1,
        null
      ],
      "/home/djmgguedes/PROC7/Proconsulta/config/environment.rb": [
        null,
        1,
        null,
        null,
        1
      ],
      "/home/djmgguedes/PROC7/Proconsulta/config/application.rb": [
        1,
        null,
        1,
        null,
        1,
        null,
        1,
        null,
        null,
        null,
        null,
        1,
        1,
        1,
        null,
        null,
        null,
        null,
        null,
        null,
        null,
        null,
        null,
        null,
        null,
        null,
        null,
        null,
        null,
        null,
        null,
        null,
        null,
        null,
        null,
        null,
        null,
        1,
        null,
        null,
        1,
        null,
        null,
        1,
        null,
        null,
        null,
        null,
        null,
        null,
        null,
        null,
        null,
        null,
        1,
        null,
        null,
        1,
        null,
        null,
        1,
        null,
        null
      ],
      "/home/djmgguedes/PROC7/Proconsulta/config/boot.rb": [
        1,
        null,
        null,
        1,
        null,
        1
      ],
      "/home/djmgguedes/PROC7/Proconsulta/config/environments/test.rb": [
        1,
        null,
        null,
        null,
        null,
        null,
        null,
        1,
        null,
        null,
        1,
        1,
        null,
        null,
        1,
        null,
        null,
        1,
        1,
        null,
        null,
        1,
        null,
        null,
        1,
        null,
        null,
        null,
        null,
        1,
        null,
        null,
        1,
        null,
        null,
        1,
        null
      ],
      "/home/djmgguedes/PROC7/Proconsulta/config/initializers/backtrace_silencers.rb": [
        null,
        null,
        null,
        null,
        null,
        null,
        null
      ],
      "/home/djmgguedes/PROC7/Proconsulta/config/initializers/inflections.rb": [
        null,
        null,
        null,
        null,
        null,
        null,
        null,
        null,
        null,
        null,
        null,
        null,
        null,
        null,
        null
      ],
      "/home/djmgguedes/PROC7/Proconsulta/config/initializers/mime_types.rb": [
        null,
        null,
        null,
        null,
        null
      ],
      "/home/djmgguedes/PROC7/Proconsulta/config/initializers/secret_token.rb": [
        null,
        null,
        null,
        null,
        null,
        null,
        1
      ],
      "/home/djmgguedes/PROC7/Proconsulta/config/initializers/session_store.rb": [
        null,
        null,
        1,
        null,
        null,
        null,
        null,
        null
      ],
      "/home/djmgguedes/PROC7/Proconsulta/config/initializers/wrap_parameters.rb": [
        null,
        null,
        null,
        null,
        null,
        null,
        1,
        1,
        null,
        null,
        null,
        1,
        1,
        null
      ],
      "/home/djmgguedes/PROC7/Proconsulta/app/controllers/application_controller.rb": [
        1,
        1,
        1,
        null,
        null,
        1,
        0,
        0,
        null,
        null,
        null
      ],
      "/home/djmgguedes/PROC7/Proconsulta/app/helpers/application_helper.rb": [
        1,
        1,
        0,
        0,
        0,
        null,
        0,
        null,
        null,
        null
      ],
      "/home/djmgguedes/PROC7/Proconsulta/app/helpers/sessions_helper.rb": [
        1,
        null,
        1,
        0,
        0,
        null,
        null,
        1,
        0,
        null,
        null,
        1,
        0,
        null,
        null,
        1,
        0,
        null,
        null,
        null,
        1,
        0,
        0,
        null,
        null
      ],
      "/home/djmgguedes/PROC7/Proconsulta/app/controllers/customer_services_controller.rb": [
        1,
        null,
        1,
        0,
        null,
        null,
        1,
        0,
        null,
        null
      ],
      "/home/djmgguedes/PROC7/Proconsulta/app/models/customer_service.rb": [
        1,
        1,
        null,
        null,
        null,
        null,
        null
      ],
      "/home/djmgguedes/PROC7/Proconsulta/app/controllers/ratings_controller.rb": [
        1,
        null,
        1,
        0,
        null,
        null,
        1,
        0,
        null,
        null,
        1,
        0,
        0,
        0,
        null,
        0,
        null,
        null,
        null,
        1,
        0,
        null,
        null,
        1,
        0,
        null,
        null,
        1,
        0,
        0,
        0,
        null,
        0,
        null,
        null,
        null,
        1,
        0,
        0,
        null,
        null,
        1,
        1,
        0,
        null,
        null,
        null,
        null
      ],
      "/home/djmgguedes/PROC7/Proconsulta/app/models/rating.rb": [
        1,
        null,
        1,
        null,
        1,
        null,
        null
      ],
      "/home/djmgguedes/PROC7/Proconsulta/app/controllers/sessions_controller.rb": [
        1,
        null,
        1,
        null,
        null,
        1,
        0,
        0,
        0,
        0,
        null,
        0,
        0,
        null,
        null,
        null,
        1,
        0,
        0,
        null,
        null,
        null,
        null
      ],
      "/home/djmgguedes/PROC7/Proconsulta/app/controllers/users_controller.rb": [
        1,
        null,
        1,
        0,
        null,
        null,
        1,
        0,
        null,
        null,
        1,
        2,
        null,
        null,
        1,
        0,
        0,
        0,
        null,
        0,
        null,
        0,
        null,
        null,
        null,
        1,
        1,
        null,
        null,
        1,
        1,
        null,
        null,
        1,
        0,
        0,
        0,
        null,
        0,
        null,
        null,
        null,
        1,
        0,
        0,
        null,
        null,
        1,
        null,
        1,
        0,
        null,
        null,
        null,
        null
      ],
      "/home/djmgguedes/PROC7/Proconsulta/app/models/user.rb": [
        1,
        1,
        1,
        16,
        1,
        null,
        1,
        null,
        null,
        1,
        1,
        1,
        1,
        1,
        1,
        null,
        1,
        null,
        null,
        1,
        0,
        null,
        null,
        1,
        0,
        null,
        null,
        1,
        null,
        1,
        15,
        null,
        null
      ],
      "/home/djmgguedes/PROC7/Proconsulta/app/models/supplier.rb": [
        1,
        1,
        null,
        null,
        null,
        null
      ],
      "/home/djmgguedes/PROC7/Proconsulta/config/routes.rb": [
        1,
        1,
        1,
        1,
        1,
        null,
        null,
        1,
        1,
        1,
        1,
        null,
        null,
        null,
        null,
        null,
        null,
        null,
        null,
        null,
        null,
        null,
        null,
        null,
        null,
        null,
        null,
        null,
        null,
        null,
        null,
        null,
        null,
        null,
        null,
        null,
        null,
        null,
        null,
        null,
        null,
        null,
        null,
        null,
        null,
        null,
        null,
        null,
        null,
        null,
        null,
        null,
        null,
        null,
        null,
        null,
        null,
        null,
        null,
        null,
        null,
        null,
        null,
        null,
        null,
        null,
        null,
        null
      ],
      "/home/djmgguedes/PROC7/Proconsulta/spec/controllers/user_controller_spec.rb": [
        1,
        1,
        1,
        null,
        1,
        1,
        13,
        null,
        null,
        null,
        1,
        null,
        3,
        null,
        null,
        1,
        null,
        0,
        null,
        null,
        2,
        null,
        7,
        2,
        2,
        2,
        2,
        2,
        2,
        null,
        1,
        null,
        1,
        1,
        1,
        null,
        null,
        1,
        1,
        1,
        1,
        null,
        null,
        null,
        1,
        null,
        null,
        null,
        null,
        1,
        1,
        1,
        1,
        null,
        null,
        null,
        1,
        1,
        1,
        0,
        0,
        null,
        null,
        null,
        1,
        1,
        1,
        0,
        0,
        null,
        null,
        null,
        1,
        1,
        1,
        1,
        null,
        null,
        null,
        1,
        1,
        1,
        1,
        1,
        null,
        null,
        null,
        null,
        null,
        null,
        null
      ],
      "/home/djmgguedes/PROC7/Proconsulta/spec/models/rating_spec.rb": [
        1,
        1,
        1,
        null,
        1,
        1,
        2,
        null,
        null,
        null,
        3,
        2,
        2,
        null,
        null,
        null
      ],
      "/home/djmgguedes/PROC7/Proconsulta/spec/models/supplier_spec.rb": [
        1,
        1,
        1,
        null,
        1,
        1,
        6,
        null,
        null,
        null,
        null,
        7,
        2,
        2,
        2,
        2,
        2,
        2,
        null,
        1,
        null,
        null,
        null,
        null,
        null,
        null,
        null,
        null,
        null,
        null
      ],
      "/home/djmgguedes/PROC7/Proconsulta/spec/models/user_spec.rb": [
        1,
        1,
        1,
        null,
        1,
        1,
        17,
        null,
        null,
        null,
        null,
        17,
        2,
        2,
        2,
        2,
        2,
        2,
        2,
        2,
        null,
        2,
        null,
        1,
        2,
        2,
        null,
        1,
        2,
        2,
        null,
        1,
        2,
        2,
        null,
        1,
        1,
        1,
        null,
        1,
        5,
        5,
        null,
        null,
        null,
        1,
        1,
        1,
        1,
        1,
        null,
        null,
        2,
        null,
        1,
        1,
        1,
        null,
        null,
        null,
        2,
        null,
        null,
        1,
        1,
        1,
        null,
        null,
        null,
        2,
        null,
        null,
        1,
        2,
        2,
        null,
        null
      ],
      "/home/djmgguedes/PROC7/Proconsulta/spec/routing/customer_services_routing_spec.rb": [
        1,
        1,
        1,
        null,
        1,
        null,
        null,
        null
      ],
      "/home/djmgguedes/PROC7/Proconsulta/spec/routing/users_routing_spec.rb": [
        1,
        1,
        1,
        null,
        1,
        1,
        null,
        1,
        1,
        null,
        1,
        1,
        null,
        null,
        1,
        1,
        null,
        null,
        1,
        1,
        null,
        null,
        1,
        1,
        null,
        null,
        1,
        1,
        null,
        null,
        1,
        1,
        null,
        null,
        null,
        null,
        null
      ],
      "/home/djmgguedes/PROC7/Proconsulta/spec/views/users/destroy.html.erb_spec.rb": [
        1,
        1,
        1,
        null,
        1,
        1,
        1,
        null,
        1,
        1,
        null,
        null
      ],
      "/home/djmgguedes/PROC7/Proconsulta/spec/views/users/index.html.erb_spec.rb": [
        1,
        1,
        1,
        null,
        1,
        1,
        null,
        1,
        null,
        null
      ],
      "/home/djmgguedes/PROC7/Proconsulta/spec/views/users/new.html.erb_spec.rb": [
        1,
        1,
        null,
        1,
        1,
        1,
        null,
        null,
        null,
        null
      ],
      "/home/djmgguedes/PROC7/Proconsulta/spec/views/users/show.html.erb_spec.rb": [
        1,
        1,
        1,
        null,
        1,
        1,
        1,
        null,
        null,
        1,
        null,
        1,
        null,
        1,
        null,
        null
      ]
    },
    "timestamp": 1411816258
  }
}
